Arguments: 
  /usr/bin/node /usr/bin/yarn

PATH: 
  /usr/local/sbin:/usr/local/bin:/usr/sbin:/usr/bin:/sbin:/bin:/usr/games:/usr/local/games:/snap/bin:/usr/local/go/bin

Yarn version: 
  1.22.10

Node version: 
  14.17.1

Platform: 
  linux x64

Trace: 
  Error: getaddrinfo EAI_AGAIN registry.yarnpkg.com
      at GetAddrInfoReqWrap.onlookup [as oncomplete] (dns.js:69:26)

npm manifest: 
  {
    "name": "go-fucking-do-it",
    "version": "0.1.0",
    "private": true,
    "dependencies": {
      "@chakra-ui/button": "^1.3.2",
      "@chakra-ui/icons": "^1.0.13",
      "@chakra-ui/react": "^1.6.3",
      "@emotion/react": "^11.4.0",
      "@emotion/styled": "^11.3.0",
      "@fontsource/chivo": "^4.4.2",
      "@metamask/jazzicon": "^2.0.0",
      "@testing-library/jest-dom": "^5.12.0",
      "@testing-library/react": "^11.2.7",
      "@testing-library/user-event": "^12.8.3",
      "framer-motion": "^4.1.17",
      "gh-pages": "^3.2.0",
      "react": "^17.0.2",
      "react-dom": "^17.0.2",
      "react-icons": "^4.2.0",
      "react-scripts": "4.0.3",
      "web3": "^1.3.6"
    },
    "scripts": {
      "start": "react-scripts start",
      "build": "react-scripts build",
      "test": "react-scripts test",
      "eject": "react-scripts eject",
      "predeploy": "npm run build",
      "deploy": "gh-pages -d build"
    },
    "eslintConfig": {
      "extends": [
        "react-app",
        "react-app/jest"
      ]
    },
    "browserslist": {
      "production": [
        ">0.2%",
        "not dead",
        "not op_mini all"
      ],
      "development": [
        "last 1 chrome version",
        "last 1 firefox version",
        "last 1 safari version"
      ]
    },
    "devDependencies": {
      "web-vitals": "^1.1.2"
    },
    "homepage": "http://therealharpaljadeja.github.io/go-fucking-do-it"
  }

yarn manifest: 
  No manifest

Lockfile: 
  No lockfile
